<?xml version="1.0" encoding="UTF-8"?>
<testng-results ignored="0" total="1" passed="1" failed="0" skipped="0">
  <reporter-output>
  </reporter-output>
  <suite started-at="2023-06-05T15:57:03 IST" name="Default suite" finished-at="2023-06-05T15:58:20 IST" duration-ms="76921">
    <groups>
    </groups>
    <test started-at="2023-06-05T15:57:03 IST" name="Default test" finished-at="2023-06-05T15:58:20 IST" duration-ms="76921">
      <class name="com.Testcomponent.Tc_007_SearchCheckoutPayment">
        <test-method is-config="true" signature="beforesuite()[pri:0, instance:com.Testcomponent.Tc_007_SearchCheckoutPayment@2473d930]" started-at="2023-06-05T15:57:03 IST" name="beforesuite" finished-at="2023-06-05T15:57:03 IST" duration-ms="191" status="PASS">
          <reporter-output>
          </reporter-output>
        </test-method> <!-- beforesuite -->
        <test-method is-config="true" signature="beforemethod()[pri:0, instance:com.Testcomponent.Tc_007_SearchCheckoutPayment@2473d930]" started-at="2023-06-05T15:57:03 IST" name="beforemethod" finished-at="2023-06-05T15:57:08 IST" duration-ms="4957" status="PASS">
          <reporter-output>
          </reporter-output>
        </test-method> <!-- beforemethod -->
        <test-method signature="searchpaymentValidation()[pri:0, instance:com.Testcomponent.Tc_007_SearchCheckoutPayment@2473d930]" started-at="2023-06-05T15:57:08 IST" name="searchpaymentValidation" finished-at="2023-06-05T15:58:20 IST" duration-ms="71329" status="PASS">
          <reporter-output>
          </reporter-output>
        </test-method> <!-- searchpaymentValidation -->
        <test-method is-config="true" signature="aftermethod()[pri:0, instance:com.Testcomponent.Tc_007_SearchCheckoutPayment@2473d930]" started-at="2023-06-05T15:58:20 IST" name="aftermethod" finished-at="2023-06-05T15:58:20 IST" duration-ms="605" status="PASS">
          <reporter-output>
          </reporter-output>
        </test-method> <!-- aftermethod -->
        <test-method is-config="true" signature="aftersuite()[pri:0, instance:com.Testcomponent.Tc_007_SearchCheckoutPayment@2473d930]" started-at="2023-06-05T15:58:20 IST" name="aftersuite" finished-at="2023-06-05T15:58:20 IST" duration-ms="60" status="PASS">
          <reporter-output>
          </reporter-output>
        </test-method> <!-- aftersuite -->
      </class> <!-- com.Testcomponent.Tc_007_SearchCheckoutPayment -->
    </test> <!-- Default test -->
  </suite> <!-- Default suite -->
</testng-results>
